find target crc32
find target sfmt
find target boost
find target taskflow
find target rapidjson
find target sdl
find target vma
find target imgui
find target cxxopts
find target glslang
find target SPIRVCross
find target googletest
-- Could NOT find Vulkan (missing: Vulkan_LIBRARY Vulkan_INCLUDE_DIR) (found version "")
vulkan sdk not found
-- Configuring done (0.1s)
CMake Error at cmake/thirdparty/Findimgui.cmake:10 (add_library):
  No SOURCES given to target: imgui
Call Stack (most recent call first):
  cmake/thirdparty.cmake:12 (find_package)
  cmake/thirdparty.cmake:53 (sky_find_3rd)
  CMakeLists.txt:15 (include)


CMake Error at cmake/functions.cmake:20 (add_executable):
  No SOURCES given to target: Launcher
Call Stack (most recent call first):
  engine/launcher/CMakeLists.txt:11 (sky_add_exe)


CMake Generate step failed.  Build files cannot be regenerated correctly.
